[debug] > Exec(early(addDefaultCommands), None, None)
[debug] > Exec(addDefaultCommands, None, None)
[debug] > Exec(early(initialize), None, None)
[debug] > Exec(initialize, None, None)
[debug] > Exec(boot, None, None)
[debug] > Exec(writeSbtVersion, None, None)
[debug] > Exec(reload, None, None)
[debug] > Exec(sbtStashOnFailure, None, None)
[debug] > Exec(onFailure loadFailed, None, None)
[debug] > Exec(loadp, None, None)
[info] welcome to sbt 1.9.7 (Oracle Corporation Java 17.0.11)
[debug] Load.defaultLoad until apply took 100.2795ms
[debug]           Load.loadUnit: plugins took 118.5016ms
[debug]           Load.loadUnit: defsScala took 0.4305ms
[debug] [Loading] Scanning directory C:\Users\heman\Desktop\ScalaTesting Projects\ScalaCRUDProject\project
[debug] [Loading] Found non-root projects 
[debug] [Loading] Done in C:\Users\heman\Desktop\ScalaTesting Projects\ScalaCRUDProject\project, returning: ()
[debug] deducing auto plugins based on known facts Set(Atom(sbt.plugins.CorePlugin)) and clauses Clauses(Clause(Atom(sbt.plugins.JvmPlugin),Set(Atom(sbt.plugins.IvyPlugin)))
[debug] Clause(Atom(sbt.ScriptedPlugin),Set(Atom(sbt.plugins.JvmPlugin)))
[debug] Clause(Atom(sbt.plugins.SbtPlugin),Set(Atom(sbt.ScriptedPlugin)))
[debug] Clause(Atom(sbt.plugins.SemanticdbPlugin),Set(Atom(sbt.plugins.JvmPlugin)))
[debug] Clause(Atom(sbt.plugins.JUnitXmlReportPlugin),Set(Atom(sbt.plugins.JvmPlugin)))
[debug] Clause(Atom(sbt.plugins.MiniDependencyTreePlugin),Set(Atom(sbt.plugins.JvmPlugin)))
[debug] Clause(Atom(sbt.plugins.CorePlugin),Set(Atom(sbt.plugins.IvyPlugin)))
[debug] Clause(Atom(sbt.plugins.IvyPlugin),Set(Atom(sbt.plugins.JvmPlugin)))
[debug] Clause(Atom(sbt.plugins.JvmPlugin),Set(Atom(sbt.plugins.SemanticdbPlugin)))
[debug] Clause(Atom(sbt.plugins.JvmPlugin),Set(Atom(sbt.plugins.JUnitXmlReportPlugin)))
[debug] Clause(Atom(sbt.plugins.CorePlugin),Set(Atom(sbt.plugins.Giter8TemplatePlugin)))
[debug] Clause(Atom(sbt.plugins.JvmPlugin),Set(Atom(sbt.plugins.MiniDependencyTreePlugin))))
[debug]   :: deduced result: Matched(sbt.plugins.CorePlugin,sbt.plugins.Giter8TemplatePlugin,sbt.plugins.IvyPlugin,sbt.plugins.JvmPlugin,sbt.plugins.MiniDependencyTreePlugin,sbt.plugins.JUnitXmlReportPlugin,sbt.plugins.SemanticdbPlugin)
[debug] Plugins.deducer#function took 19.4536 ms
[debug]               Load.resolveProject(scalacrudproject-build) took 51.0334ms
[debug]             Load.loadTransitive: finalizeProject(Project(id scalacrudproject-build, base: C:\Users\heman\Desktop\ScalaTesting Projects\ScalaCRUDProject\project, plugins: List(<none>))) took 137.3507ms
[debug] [Loading] Done in C:\Users\heman\Desktop\ScalaTesting Projects\ScalaCRUDProject\project, returning: (scalacrudproject-build)
[debug]           Load.loadUnit: loadedProjectsRaw took 194.9991ms
[debug]           Load.loadUnit: cleanEvalClasses took 0.3023ms
[debug]         Load.loadUnit(file:/C:/Users/heman/Desktop/ScalaTesting%20Projects/ScalaCRUDProject/project/, ...) took 323.4378ms
[debug]       Load.apply: load took 489.0755ms
[debug]       Load.apply: resolveProjects took 5.6346ms
[debug]       Load.apply: finalTransforms took 53.2997ms
[debug]       Load.apply: config.delegates took 6.9563ms
[debug]       Load.apply: Def.make(settings)... took 351.4777ms
[debug]       Load.apply: structureIndex took 76.1073ms
[debug]       Load.apply: mkStreams took 1.0711ms
[info] loading project definition from C:\Users\heman\Desktop\ScalaTesting Projects\ScalaCRUDProject\project
[debug] Running task... Cancel: Signal, check cycles: false, forcegc: true
[debug]     Load.loadUnit: plugins took 1573.9229ms
[debug]     Load.loadUnit: defsScala took 0.0038ms
[debug] [Loading] Scanning directory C:\Users\heman\Desktop\ScalaTesting Projects\ScalaCRUDProject
[debug]       Load.loadUnit: mkEval took 3.7075ms
[debug] [Loading] Found non-root projects 
[debug] [Loading] Done in C:\Users\heman\Desktop\ScalaTesting Projects\ScalaCRUDProject, returning: ()
[debug] deducing auto plugins based on known facts Set(Atom(sbt.plugins.CorePlugin)) and clauses Clauses(Clause(Atom(sbt.plugins.JvmPlugin),Set(Atom(sbt.plugins.IvyPlugin)))
[debug] Clause(Atom(sbt.ScriptedPlugin),Set(Atom(sbt.plugins.JvmPlugin)))
[debug] Clause(Atom(sbt.plugins.SbtPlugin),Set(Atom(sbt.ScriptedPlugin)))
[debug] Clause(Atom(sbt.plugins.SemanticdbPlugin),Set(Atom(sbt.plugins.JvmPlugin)))
[debug] Clause(Atom(sbt.plugins.JUnitXmlReportPlugin),Set(Atom(sbt.plugins.JvmPlugin)))
[debug] Clause(Atom(sbt.plugins.MiniDependencyTreePlugin),Set(Atom(sbt.plugins.JvmPlugin)))
[debug] Clause(Atom(sbt.plugins.CorePlugin),Set(Atom(sbt.plugins.IvyPlugin)))
[debug] Clause(Atom(sbt.plugins.IvyPlugin),Set(Atom(sbt.plugins.JvmPlugin)))
[debug] Clause(Atom(sbt.plugins.JvmPlugin),Set(Atom(sbt.plugins.SemanticdbPlugin)))
[debug] Clause(Atom(sbt.plugins.JvmPlugin),Set(Atom(sbt.plugins.JUnitXmlReportPlugin)))
[debug] Clause(Atom(sbt.plugins.CorePlugin),Set(Atom(sbt.plugins.Giter8TemplatePlugin)))
[debug] Clause(Atom(sbt.plugins.JvmPlugin),Set(Atom(sbt.plugins.MiniDependencyTreePlugin))))
[debug]   :: deduced result: Matched(sbt.plugins.CorePlugin,sbt.plugins.Giter8TemplatePlugin,sbt.plugins.IvyPlugin,sbt.plugins.JvmPlugin,sbt.plugins.MiniDependencyTreePlugin,sbt.plugins.JUnitXmlReportPlugin,sbt.plugins.SemanticdbPlugin)
[debug] Plugins.deducer#function took 1.2058 ms
[info] loading settings for project scalacrudproject from build.sbt ...
[debug]         Load.resolveProject(scalacrudproject) took 1.8944ms
[debug]       Load.loadTransitive: finalizeProject(Project(id scalacrudproject, base: C:\Users\heman\Desktop\ScalaTesting Projects\ScalaCRUDProject, plugins: List(<none>))) took 3.4207ms
[debug] [Loading] Done in C:\Users\heman\Desktop\ScalaTesting Projects\ScalaCRUDProject, returning: (scalacrudproject)
[debug]     Load.loadUnit: loadedProjectsRaw took 1654.3009ms
[debug]     Load.loadUnit: cleanEvalClasses took 14.6063ms
[debug]   Load.loadUnit(file:/C:/Users/heman/Desktop/ScalaTesting%20Projects/ScalaCRUDProject/, ...) took 3244.385ms
[debug] Load.apply: load took 3266.8109ms
[debug] Load.apply: resolveProjects took 0.1036ms
[debug] Load.apply: finalTransforms took 7.0239ms
[debug] Load.apply: config.delegates took 0.3006ms
[debug] Load.apply: Def.make(settings)... took 101.4919ms
[debug] Load.apply: structureIndex took 43.9393ms
[debug] Load.apply: mkStreams took 0.0021ms
[info] set current project to ScalaCRUDProject (in build file:/C:/Users/heman/Desktop/ScalaTesting%20Projects/ScalaCRUDProject/)
[debug] > Exec(sbtPopOnFailure, None, None)
[debug] > Exec(resumeFromFailure, None, None)
[debug] > Exec(notifyUsersAboutShell, None, None)
[debug] > Exec(iflast shell, None, None)
[debug] > Exec(shell, None, None)
[info] sbt server started at local:sbt-server-7b72acb01cfe2961a2ad
[debug] Writing bsp connection file
[info] started sbt server
